<?xml version="1.0" encoding="UTF-8"?>
<testng-results ignored="0" total="1" passed="1" failed="0" skipped="0">
  <reporter-output>
  </reporter-output>
  <suite started-at="2021-10-30T20:29:49 IST" name="Default suite" finished-at="2021-10-30T20:30:05 IST" duration-ms="15333">
    <groups>
    </groups>
    <test started-at="2021-10-30T20:29:49 IST" name="Default test" finished-at="2021-10-30T20:30:05 IST" duration-ms="15333">
      <class name="PageObjectModel.TestCase">
        <test-method signature="launchBrowser()[pri:0, instance:PageObjectModel.TestCase@18ce0030]" started-at="2021-10-30T20:29:49 IST" name="launchBrowser" finished-at="2021-10-30T20:30:05 IST" duration-ms="15230" status="PASS">
          <reporter-output>
          </reporter-output>
        </test-method> <!-- launchBrowser -->
      </class> <!-- PageObjectModel.TestCase -->
    </test> <!-- Default test -->
  </suite> <!-- Default suite -->
</testng-results>
